<?xml version="1.0" encoding="UTF-8"?>
<!-- Generated by org.testng.reporters.JUnitXMLReporter -->
<testsuite ignored="1" hostname="User" failures="3" tests="15" name="Regression Test for Release 2.0" time="250.533" errors="0" timestamp="2022-10-29T10:50:43 EDT">
  <testcase classname="testNGbasics.UnderstandingAnnotationsAndKeywords" name="@AfterMethod backToHomePage" time="18.327">
    <failure type="org.openqa.selenium.NoSuchElementException" message="no such element: Unable to locate element: {&amp;quot;method&amp;quot;:&amp;quot;css selector&amp;quot;,&amp;quot;selector&amp;quot;:&amp;quot;#nav-logo-sprites&amp;quot;}
  (Session info: chrome=106.0.5249.119)
For documentation on this error, please visit: https://www.seleniumhq.org/exceptions/no_such_element.html
Build info: version: &amp;apos;3.141.59&amp;apos;, revision: &amp;apos;e82be7d358&amp;apos;, time: &amp;apos;2018-11-14T08:25:48&amp;apos;
System info: host: &amp;apos;USER&amp;apos;, ip: &amp;apos;192.168.1.154&amp;apos;, os.name: &amp;apos;Windows 10&amp;apos;, os.arch: &amp;apos;amd64&amp;apos;, os.version: &amp;apos;10.0&amp;apos;, java.version: &amp;apos;16.0.2&amp;apos;
Driver info: org.openqa.selenium.chrome.ChromeDriver
Capabilities {acceptInsecureCerts: false, browserName: chrome, browserVersion: 106.0.5249.119, chrome: {chromedriverVersion: 106.0.5249.61 (511755355844..., userDataDir: C:\Users\User\AppData\Local...}, goog:chromeOptions: {debuggerAddress: localhost:56185}, javascriptEnabled: true, networkConnectionEnabled: false, pageLoadStrategy: normal, platform: WINDOWS, platformName: WINDOWS, proxy: Proxy(), setWindowRect: true, strictFileInteractability: false, timeouts: {implicit: 0, pageLoad: 300000, script: 30000}, unhandledPromptBehavior: dismiss and notify, webauthn:extension:credBlob: true, webauthn:extension:largeBlob: true, webauthn:virtualAuthenticators: true}
Session ID: e524770ece6ae74ea82a42c3a824bcbc
*** Element info: {Using=css selector, value=#nav-logo-sprites}">
      <![CDATA[org.openqa.selenium.NoSuchElementException: no such element: Unable to locate element: {"method":"css selector","selector":"#nav-logo-sprites"}
  (Session info: chrome=106.0.5249.119)
For documentation on this error, please visit: https://www.seleniumhq.org/exceptions/no_such_element.html
Build info: version: '3.141.59', revision: 'e82be7d358', time: '2018-11-14T08:25:48'
System info: host: 'USER', ip: '192.168.1.154', os.name: 'Windows 10', os.arch: 'amd64', os.version: '10.0', java.version: '16.0.2'
Driver info: org.openqa.selenium.chrome.ChromeDriver
Capabilities {acceptInsecureCerts: false, browserName: chrome, browserVersion: 106.0.5249.119, chrome: {chromedriverVersion: 106.0.5249.61 (511755355844..., userDataDir: C:\Users\User\AppData\Local...}, goog:chromeOptions: {debuggerAddress: localhost:56185}, javascriptEnabled: true, networkConnectionEnabled: false, pageLoadStrategy: normal, platform: WINDOWS, platformName: WINDOWS, proxy: Proxy(), setWindowRect: true, strictFileInteractability: false, timeouts: {implicit: 0, pageLoad: 300000, script: 30000}, unhandledPromptBehavior: dismiss and notify, webauthn:extension:credBlob: true, webauthn:extension:largeBlob: true, webauthn:virtualAuthenticators: true}
Session ID: e524770ece6ae74ea82a42c3a824bcbc
*** Element info: {Using=css selector, value=#nav-logo-sprites}
at org.openqa.selenium.remote.http.W3CHttpResponseCodec.createException(W3CHttpResponseCodec.java:187)
at org.openqa.selenium.remote.http.W3CHttpResponseCodec.decode(W3CHttpResponseCodec.java:122)
at org.openqa.selenium.remote.http.W3CHttpResponseCodec.decode(W3CHttpResponseCodec.java:49)
at org.openqa.selenium.remote.HttpCommandExecutor.execute(HttpCommandExecutor.java:158)
at org.openqa.selenium.remote.service.DriverCommandExecutor.execute(DriverCommandExecutor.java:83)
at org.openqa.selenium.remote.RemoteWebDriver.execute(RemoteWebDriver.java:552)
at org.openqa.selenium.remote.RemoteWebDriver.findElement(RemoteWebDriver.java:323)
at org.openqa.selenium.remote.RemoteWebDriver.findElementByCssSelector(RemoteWebDriver.java:420)
at org.openqa.selenium.By$ByCssSelector.findElement(By.java:431)
at org.openqa.selenium.remote.RemoteWebDriver.findElement(RemoteWebDriver.java:315)
at testNGbasics.UnderstandingAnnotationsAndKeywords.backToHomePage(UnderstandingAnnotationsAndKeywords.java:70)
at java.base/java.util.ArrayList.forEach(ArrayList.java:1511)
... Removed 37 stack frames]]>
    </failure>
  </testcase> <!-- @AfterMethod backToHomePage -->
  <testcase classname="testNGbasics.UnderstandingAnnotationsAndKeywords" name="@AfterClass tearDown" time="-1.6670550433E9">
    <skipped/>
  </testcase> <!-- @AfterClass tearDown -->
  <testcase classname="testNGbasics.DataDrivenTesting2" name="accountListLinkFunctionalityTest" time="2.035">
    <failure type="org.testng.internal.thread.ThreadTimeoutException" message="Method testNGbasics.DataDrivenTesting2.accountListLinkFunctionalityTest() didn&amp;apos;t finish within the time-out 2000">
      <![CDATA[org.testng.internal.thread.ThreadTimeoutException: Method testNGbasics.DataDrivenTesting2.accountListLinkFunctionalityTest() didn't finish within the time-out 2000
at java.base/java.util.ArrayList.forEach(ArrayList.java:1511)
... Removed 24 stack frames]]>
    </failure>
  </testcase> <!-- accountListLinkFunctionalityTest -->
  <testcase classname="testNGbasics.DataDrivenTesting2" name="negativeLoginFunctionalityTest" time="0.0">
    <skipped/>
  </testcase> <!-- negativeLoginFunctionalityTest -->
  <testcase classname="testNGbasics.TestNGintro" name="defaultLanguageChangeFunctionalityTest" time="4.387"/>
  <testcase classname="testNGbasics.TestNGintro" name="searchDrownDownTest" time="5.039">
    <failure type="java.lang.AssertionError" message="expected [true] but found [false]">
      <![CDATA[java.lang.AssertionError: expected [true] but found [false]
at testNGbasics.TestNGintro.searchDrownDownTest(TestNGintro.java:95)
at java.base/java.util.ArrayList.forEach(ArrayList.java:1511)
... Removed 31 stack frames]]>
    </failure>
  </testcase> <!-- searchDrownDownTest -->
  <testcase classname="testNGbasics.TestNGintro" name="searchFunctionality" time="17.5"/>
  <testcase classname="testNGbasics.DataDrivenTesting1" name="searchFunctionality" time="3.381"/>
  <testcase classname="testNGbasics.DataDrivenTesting1" name="searchFunctionality" time="7.142"/>
  <testcase classname="testNGbasics.DataDrivenTesting1" name="searchFunctionality" time="5.476"/>
  <testcase classname="testNGbasics.DataDrivenTesting1" name="searchFunctionality" time="5.585"/>
  <testcase classname="testNGbasics.UnderstandingAnnotationsAndKeywords" name="searchFunctionality" time="17.679"/>
  <testcase classname="testNGbasics.UnderstandingAnnotationsAndKeywords" name="defaultLanguageChangeFunctionalityTest" time="6.61"/>
  <testcase classname="testNGbasics.UnderstandingAnnotationsAndKeywords" name="searchDrownDownTest" time="2.153">
    <failure type="java.lang.AssertionError" message="expected [true] but found [false]">
      <![CDATA[java.lang.AssertionError: expected [true] but found [false]
at testNGbasics.UnderstandingAnnotationsAndKeywords.searchDrownDownTest(UnderstandingAnnotationsAndKeywords.java:114)
at java.base/java.util.ArrayList.forEach(ArrayList.java:1511)
... Removed 31 stack frames]]>
    </failure>
  </testcase> <!-- searchDrownDownTest -->
  <testcase classname="testNGbasics.UnderstandingAnnotationsAndKeywords" name="negativeLoginFuncationality" time="21.511"/>
  <testcase classname="testNGbasics.Annotations" name="test1" time="0.003"/>
  <testcase classname="testNGbasics.Annotations" name="test2" time="0.007"/>
  <testcase classname="testNGbasics.DataDrivenTesting2" name="searchFunctionality" time="0.0">
    <ignored/>
  </testcase> <!-- searchFunctionality -->
</testsuite> <!-- Regression Test for Release 2.0 -->
